2024-08-23 13:28:44 DEBUG TestNG:82 -
			suiteXmlPath: "C:\Users\EX perimental 1\eclipse-workspace\opencart\grid-docker.xml"
2024-08-23 13:28:44 INFO  Utils:112 -
			[TestNG] Running:
  C:\Users\EX perimental 1\eclipse-workspace\opencart\grid-docker.xml

2024-08-23 13:29:49 DEBUG TestNG:82 -
			suiteXmlPath: "C:\Users\EX perimental 1\eclipse-workspace\opencart\grid-docker.xml"
2024-08-23 13:29:49 INFO  Utils:112 -
			[TestNG] Running:
  C:\Users\EX perimental 1\eclipse-workspace\opencart\grid-docker.xml

2024-08-23 13:30:14 DEBUG TestNG:82 -
			suiteXmlPath: "C:\Users\EX perimental 1\eclipse-workspace\opencart\grid-docker.xml"
2024-08-23 13:30:14 INFO  Utils:112 -
			[TestNG] Running:
  C:\Users\EX perimental 1\eclipse-workspace\opencart\grid-docker.xml

2024-08-23 13:30:20 DEBUG TestNG:82 -
			suiteXmlPath: "C:\Users\EX perimental 1\eclipse-workspace\opencart\grid-docker.xml"
2024-08-23 13:30:21 INFO  Utils:112 -
			[TestNG] Running:
  C:\Users\EX perimental 1\eclipse-workspace\opencart\grid-docker.xml

2024-08-23 13:30:29 DEBUG TestNG:82 -
			suiteXmlPath: "C:\Users\EX perimental 1\eclipse-workspace\opencart\grid-docker.xml"
2024-08-23 13:30:30 INFO  Utils:112 -
			[TestNG] Running:
  C:\Users\EX perimental 1\eclipse-workspace\opencart\grid-docker.xml

2024-08-23 13:30:52 DEBUG TestNG:82 -
			suiteXmlPath: "C:\Users\EX perimental 1\eclipse-workspace\opencart\master.xml"
2024-08-23 13:30:52 INFO  Utils:112 -
			[TestNG] Running:
  C:\Users\EX perimental 1\eclipse-workspace\opencart\master.xml

2024-08-23 13:30:53 DEBUG PackageRelationshipCollection:307 -
			Parsing relationship: /xl/_rels/workbook.xml.rels
2024-08-23 13:30:53 DEBUG PackageRelationshipCollection:307 -
			Parsing relationship: /xl/worksheets/_rels/sheet1.xml.rels
2024-08-23 13:30:53 DEBUG PackageRelationshipCollection:307 -
			Parsing relationship: /_rels/.rels
2024-08-23 13:30:53 DEBUG POIXMLFactory:65 -
			using default POIXMLDocumentPart for http://schemas.openxmlformats.org/officeDocument/2006/relationships/printerSettings
2024-08-23 13:30:53 DEBUG PackageRelationshipCollection:307 -
			Parsing relationship: /xl/_rels/workbook.xml.rels
2024-08-23 13:30:53 DEBUG PackageRelationshipCollection:307 -
			Parsing relationship: /xl/worksheets/_rels/sheet1.xml.rels
2024-08-23 13:30:53 DEBUG PackageRelationshipCollection:307 -
			Parsing relationship: /_rels/.rels
2024-08-23 13:30:53 DEBUG POIXMLFactory:65 -
			using default POIXMLDocumentPart for http://schemas.openxmlformats.org/officeDocument/2006/relationships/printerSettings
2024-08-23 13:30:53 DEBUG PackageRelationshipCollection:307 -
			Parsing relationship: /xl/_rels/workbook.xml.rels
2024-08-23 13:30:53 DEBUG PackageRelationshipCollection:307 -
			Parsing relationship: /xl/worksheets/_rels/sheet1.xml.rels
2024-08-23 13:30:53 DEBUG PackageRelationshipCollection:307 -
			Parsing relationship: /_rels/.rels
2024-08-23 13:30:53 DEBUG POIXMLFactory:65 -
			using default POIXMLDocumentPart for http://schemas.openxmlformats.org/officeDocument/2006/relationships/printerSettings
2024-08-23 13:30:53 DEBUG PackageRelationshipCollection:307 -
			Parsing relationship: /xl/_rels/workbook.xml.rels
2024-08-23 13:30:53 DEBUG PackageRelationshipCollection:307 -
			Parsing relationship: /xl/worksheets/_rels/sheet1.xml.rels
2024-08-23 13:30:53 DEBUG PackageRelationshipCollection:307 -
			Parsing relationship: /_rels/.rels
2024-08-23 13:30:53 DEBUG POIXMLFactory:65 -
			using default POIXMLDocumentPart for http://schemas.openxmlformats.org/officeDocument/2006/relationships/printerSettings
2024-08-23 13:30:53 DEBUG PackageRelationshipCollection:307 -
			Parsing relationship: /xl/_rels/workbook.xml.rels
2024-08-23 13:30:53 DEBUG PackageRelationshipCollection:307 -
			Parsing relationship: /xl/worksheets/_rels/sheet1.xml.rels
2024-08-23 13:30:53 DEBUG PackageRelationshipCollection:307 -
			Parsing relationship: /_rels/.rels
2024-08-23 13:30:53 DEBUG POIXMLFactory:65 -
			using default POIXMLDocumentPart for http://schemas.openxmlformats.org/officeDocument/2006/relationships/printerSettings
2024-08-23 13:30:53 DEBUG PackageRelationshipCollection:307 -
			Parsing relationship: /xl/_rels/workbook.xml.rels
2024-08-23 13:30:53 DEBUG PackageRelationshipCollection:307 -
			Parsing relationship: /xl/worksheets/_rels/sheet1.xml.rels
2024-08-23 13:30:53 DEBUG PackageRelationshipCollection:307 -
			Parsing relationship: /_rels/.rels
2024-08-23 13:30:53 DEBUG POIXMLFactory:65 -
			using default POIXMLDocumentPart for http://schemas.openxmlformats.org/officeDocument/2006/relationships/printerSettings
2024-08-23 13:30:53 DEBUG PackageRelationshipCollection:307 -
			Parsing relationship: /xl/_rels/workbook.xml.rels
2024-08-23 13:30:53 DEBUG PackageRelationshipCollection:307 -
			Parsing relationship: /xl/worksheets/_rels/sheet1.xml.rels
2024-08-23 13:30:53 DEBUG PackageRelationshipCollection:307 -
			Parsing relationship: /_rels/.rels
2024-08-23 13:30:53 DEBUG POIXMLFactory:65 -
			using default POIXMLDocumentPart for http://schemas.openxmlformats.org/officeDocument/2006/relationships/printerSettings
2024-08-23 13:30:53 DEBUG PackageRelationshipCollection:307 -
			Parsing relationship: /xl/_rels/workbook.xml.rels
2024-08-23 13:30:53 DEBUG PackageRelationshipCollection:307 -
			Parsing relationship: /xl/worksheets/_rels/sheet1.xml.rels
2024-08-23 13:30:53 DEBUG PackageRelationshipCollection:307 -
			Parsing relationship: /_rels/.rels
2024-08-23 13:30:53 DEBUG POIXMLFactory:65 -
			using default POIXMLDocumentPart for http://schemas.openxmlformats.org/officeDocument/2006/relationships/printerSettings
2024-08-23 13:30:53 DEBUG PackageRelationshipCollection:307 -
			Parsing relationship: /xl/_rels/workbook.xml.rels
2024-08-23 13:30:53 DEBUG PackageRelationshipCollection:307 -
			Parsing relationship: /xl/worksheets/_rels/sheet1.xml.rels
2024-08-23 13:30:53 DEBUG PackageRelationshipCollection:307 -
			Parsing relationship: /_rels/.rels
2024-08-23 13:30:53 DEBUG POIXMLFactory:65 -
			using default POIXMLDocumentPart for http://schemas.openxmlformats.org/officeDocument/2006/relationships/printerSettings
2024-08-23 13:30:53 DEBUG PackageRelationshipCollection:307 -
			Parsing relationship: /xl/_rels/workbook.xml.rels
2024-08-23 13:30:53 DEBUG PackageRelationshipCollection:307 -
			Parsing relationship: /xl/worksheets/_rels/sheet1.xml.rels
2024-08-23 13:30:53 DEBUG PackageRelationshipCollection:307 -
			Parsing relationship: /_rels/.rels
2024-08-23 13:30:53 DEBUG POIXMLFactory:65 -
			using default POIXMLDocumentPart for http://schemas.openxmlformats.org/officeDocument/2006/relationships/printerSettings
2024-08-23 13:30:53 DEBUG PackageRelationshipCollection:307 -
			Parsing relationship: /xl/_rels/workbook.xml.rels
2024-08-23 13:30:53 DEBUG PackageRelationshipCollection:307 -
			Parsing relationship: /xl/worksheets/_rels/sheet1.xml.rels
2024-08-23 13:30:53 DEBUG PackageRelationshipCollection:307 -
			Parsing relationship: /_rels/.rels
2024-08-23 13:30:53 DEBUG POIXMLFactory:65 -
			using default POIXMLDocumentPart for http://schemas.openxmlformats.org/officeDocument/2006/relationships/printerSettings
2024-08-23 13:30:53 DEBUG PackageRelationshipCollection:307 -
			Parsing relationship: /xl/_rels/workbook.xml.rels
2024-08-23 13:30:53 DEBUG PackageRelationshipCollection:307 -
			Parsing relationship: /xl/worksheets/_rels/sheet1.xml.rels
2024-08-23 13:30:53 DEBUG PackageRelationshipCollection:307 -
			Parsing relationship: /_rels/.rels
2024-08-23 13:30:53 DEBUG POIXMLFactory:65 -
			using default POIXMLDocumentPart for http://schemas.openxmlformats.org/officeDocument/2006/relationships/printerSettings
2024-08-23 13:30:53 DEBUG PackageRelationshipCollection:307 -
			Parsing relationship: /xl/_rels/workbook.xml.rels
2024-08-23 13:30:53 DEBUG PackageRelationshipCollection:307 -
			Parsing relationship: /xl/worksheets/_rels/sheet1.xml.rels
2024-08-23 13:30:53 DEBUG PackageRelationshipCollection:307 -
			Parsing relationship: /_rels/.rels
2024-08-23 13:30:53 DEBUG POIXMLFactory:65 -
			using default POIXMLDocumentPart for http://schemas.openxmlformats.org/officeDocument/2006/relationships/printerSettings
2024-08-23 13:30:53 DEBUG PackageRelationshipCollection:307 -
			Parsing relationship: /xl/_rels/workbook.xml.rels
2024-08-23 13:30:53 DEBUG PackageRelationshipCollection:307 -
			Parsing relationship: /xl/worksheets/_rels/sheet1.xml.rels
2024-08-23 13:30:53 DEBUG PackageRelationshipCollection:307 -
			Parsing relationship: /_rels/.rels
2024-08-23 13:30:53 DEBUG POIXMLFactory:65 -
			using default POIXMLDocumentPart for http://schemas.openxmlformats.org/officeDocument/2006/relationships/printerSettings
2024-08-23 13:30:53 DEBUG PackageRelationshipCollection:307 -
			Parsing relationship: /xl/_rels/workbook.xml.rels
2024-08-23 13:30:53 DEBUG PackageRelationshipCollection:307 -
			Parsing relationship: /xl/worksheets/_rels/sheet1.xml.rels
2024-08-23 13:30:53 DEBUG PackageRelationshipCollection:307 -
			Parsing relationship: /_rels/.rels
2024-08-23 13:30:53 DEBUG POIXMLFactory:65 -
			using default POIXMLDocumentPart for http://schemas.openxmlformats.org/officeDocument/2006/relationships/printerSettings
2024-08-23 13:30:53 DEBUG PackageRelationshipCollection:307 -
			Parsing relationship: /xl/_rels/workbook.xml.rels
2024-08-23 13:30:53 DEBUG PackageRelationshipCollection:307 -
			Parsing relationship: /xl/worksheets/_rels/sheet1.xml.rels
2024-08-23 13:30:53 DEBUG PackageRelationshipCollection:307 -
			Parsing relationship: /_rels/.rels
2024-08-23 13:30:53 DEBUG POIXMLFactory:65 -
			using default POIXMLDocumentPart for http://schemas.openxmlformats.org/officeDocument/2006/relationships/printerSettings
2024-08-23 13:30:53 DEBUG PackageRelationshipCollection:307 -
			Parsing relationship: /xl/_rels/workbook.xml.rels
2024-08-23 13:30:53 DEBUG PackageRelationshipCollection:307 -
			Parsing relationship: /xl/worksheets/_rels/sheet1.xml.rels
2024-08-23 13:30:53 DEBUG PackageRelationshipCollection:307 -
			Parsing relationship: /_rels/.rels
2024-08-23 13:30:53 DEBUG POIXMLFactory:65 -
			using default POIXMLDocumentPart for http://schemas.openxmlformats.org/officeDocument/2006/relationships/printerSettings
2024-08-23 13:31:22 DEBUG TestNG:82 -
			suiteXmlPath: "C:\Users\EX perimental 1\eclipse-workspace\opencart\master.xml"
2024-08-23 13:31:22 INFO  Utils:112 -
			[TestNG] Running:
  C:\Users\EX perimental 1\eclipse-workspace\opencart\master.xml

2024-08-23 13:31:22 DEBUG PackageRelationshipCollection:307 -
			Parsing relationship: /xl/_rels/workbook.xml.rels
2024-08-23 13:31:22 DEBUG PackageRelationshipCollection:307 -
			Parsing relationship: /xl/worksheets/_rels/sheet1.xml.rels
2024-08-23 13:31:22 DEBUG PackageRelationshipCollection:307 -
			Parsing relationship: /_rels/.rels
2024-08-23 13:31:22 DEBUG POIXMLFactory:65 -
			using default POIXMLDocumentPart for http://schemas.openxmlformats.org/officeDocument/2006/relationships/printerSettings
2024-08-23 13:31:22 DEBUG PackageRelationshipCollection:307 -
			Parsing relationship: /xl/_rels/workbook.xml.rels
2024-08-23 13:31:22 DEBUG PackageRelationshipCollection:307 -
			Parsing relationship: /xl/worksheets/_rels/sheet1.xml.rels
2024-08-23 13:31:22 DEBUG PackageRelationshipCollection:307 -
			Parsing relationship: /_rels/.rels
2024-08-23 13:31:22 DEBUG POIXMLFactory:65 -
			using default POIXMLDocumentPart for http://schemas.openxmlformats.org/officeDocument/2006/relationships/printerSettings
2024-08-23 13:31:22 DEBUG PackageRelationshipCollection:307 -
			Parsing relationship: /xl/_rels/workbook.xml.rels
2024-08-23 13:31:22 DEBUG PackageRelationshipCollection:307 -
			Parsing relationship: /xl/worksheets/_rels/sheet1.xml.rels
2024-08-23 13:31:22 DEBUG PackageRelationshipCollection:307 -
			Parsing relationship: /_rels/.rels
2024-08-23 13:31:22 DEBUG POIXMLFactory:65 -
			using default POIXMLDocumentPart for http://schemas.openxmlformats.org/officeDocument/2006/relationships/printerSettings
2024-08-23 13:31:22 DEBUG PackageRelationshipCollection:307 -
			Parsing relationship: /xl/_rels/workbook.xml.rels
2024-08-23 13:31:22 DEBUG PackageRelationshipCollection:307 -
			Parsing relationship: /xl/worksheets/_rels/sheet1.xml.rels
2024-08-23 13:31:22 DEBUG PackageRelationshipCollection:307 -
			Parsing relationship: /_rels/.rels
2024-08-23 13:31:22 DEBUG POIXMLFactory:65 -
			using default POIXMLDocumentPart for http://schemas.openxmlformats.org/officeDocument/2006/relationships/printerSettings
2024-08-23 13:31:22 DEBUG PackageRelationshipCollection:307 -
			Parsing relationship: /xl/_rels/workbook.xml.rels
2024-08-23 13:31:22 DEBUG PackageRelationshipCollection:307 -
			Parsing relationship: /xl/worksheets/_rels/sheet1.xml.rels
2024-08-23 13:31:22 DEBUG PackageRelationshipCollection:307 -
			Parsing relationship: /_rels/.rels
2024-08-23 13:31:22 DEBUG POIXMLFactory:65 -
			using default POIXMLDocumentPart for http://schemas.openxmlformats.org/officeDocument/2006/relationships/printerSettings
2024-08-23 13:31:22 DEBUG PackageRelationshipCollection:307 -
			Parsing relationship: /xl/_rels/workbook.xml.rels
2024-08-23 13:31:22 DEBUG PackageRelationshipCollection:307 -
			Parsing relationship: /xl/worksheets/_rels/sheet1.xml.rels
2024-08-23 13:31:22 DEBUG PackageRelationshipCollection:307 -
			Parsing relationship: /_rels/.rels
2024-08-23 13:31:22 DEBUG POIXMLFactory:65 -
			using default POIXMLDocumentPart for http://schemas.openxmlformats.org/officeDocument/2006/relationships/printerSettings
2024-08-23 13:31:22 DEBUG PackageRelationshipCollection:307 -
			Parsing relationship: /xl/_rels/workbook.xml.rels
2024-08-23 13:31:22 DEBUG PackageRelationshipCollection:307 -
			Parsing relationship: /xl/worksheets/_rels/sheet1.xml.rels
2024-08-23 13:31:22 DEBUG PackageRelationshipCollection:307 -
			Parsing relationship: /_rels/.rels
2024-08-23 13:31:22 DEBUG POIXMLFactory:65 -
			using default POIXMLDocumentPart for http://schemas.openxmlformats.org/officeDocument/2006/relationships/printerSettings
2024-08-23 13:31:22 DEBUG PackageRelationshipCollection:307 -
			Parsing relationship: /xl/_rels/workbook.xml.rels
2024-08-23 13:31:22 DEBUG PackageRelationshipCollection:307 -
			Parsing relationship: /xl/worksheets/_rels/sheet1.xml.rels
2024-08-23 13:31:22 DEBUG PackageRelationshipCollection:307 -
			Parsing relationship: /_rels/.rels
2024-08-23 13:31:22 DEBUG POIXMLFactory:65 -
			using default POIXMLDocumentPart for http://schemas.openxmlformats.org/officeDocument/2006/relationships/printerSettings
2024-08-23 13:31:22 DEBUG PackageRelationshipCollection:307 -
			Parsing relationship: /xl/_rels/workbook.xml.rels
2024-08-23 13:31:22 DEBUG PackageRelationshipCollection:307 -
			Parsing relationship: /xl/worksheets/_rels/sheet1.xml.rels
2024-08-23 13:31:22 DEBUG PackageRelationshipCollection:307 -
			Parsing relationship: /_rels/.rels
2024-08-23 13:31:22 DEBUG POIXMLFactory:65 -
			using default POIXMLDocumentPart for http://schemas.openxmlformats.org/officeDocument/2006/relationships/printerSettings
2024-08-23 13:31:22 DEBUG PackageRelationshipCollection:307 -
			Parsing relationship: /xl/_rels/workbook.xml.rels
2024-08-23 13:31:22 DEBUG PackageRelationshipCollection:307 -
			Parsing relationship: /xl/worksheets/_rels/sheet1.xml.rels
2024-08-23 13:31:22 DEBUG PackageRelationshipCollection:307 -
			Parsing relationship: /_rels/.rels
2024-08-23 13:31:22 DEBUG POIXMLFactory:65 -
			using default POIXMLDocumentPart for http://schemas.openxmlformats.org/officeDocument/2006/relationships/printerSettings
2024-08-23 13:31:22 DEBUG PackageRelationshipCollection:307 -
			Parsing relationship: /xl/_rels/workbook.xml.rels
2024-08-23 13:31:22 DEBUG PackageRelationshipCollection:307 -
			Parsing relationship: /xl/worksheets/_rels/sheet1.xml.rels
2024-08-23 13:31:22 DEBUG PackageRelationshipCollection:307 -
			Parsing relationship: /_rels/.rels
2024-08-23 13:31:22 DEBUG POIXMLFactory:65 -
			using default POIXMLDocumentPart for http://schemas.openxmlformats.org/officeDocument/2006/relationships/printerSettings
2024-08-23 13:31:22 DEBUG PackageRelationshipCollection:307 -
			Parsing relationship: /xl/_rels/workbook.xml.rels
2024-08-23 13:31:22 DEBUG PackageRelationshipCollection:307 -
			Parsing relationship: /xl/worksheets/_rels/sheet1.xml.rels
2024-08-23 13:31:22 DEBUG PackageRelationshipCollection:307 -
			Parsing relationship: /_rels/.rels
2024-08-23 13:31:22 DEBUG POIXMLFactory:65 -
			using default POIXMLDocumentPart for http://schemas.openxmlformats.org/officeDocument/2006/relationships/printerSettings
2024-08-23 13:31:22 DEBUG PackageRelationshipCollection:307 -
			Parsing relationship: /xl/_rels/workbook.xml.rels
2024-08-23 13:31:22 DEBUG PackageRelationshipCollection:307 -
			Parsing relationship: /xl/worksheets/_rels/sheet1.xml.rels
2024-08-23 13:31:22 DEBUG PackageRelationshipCollection:307 -
			Parsing relationship: /_rels/.rels
2024-08-23 13:31:22 DEBUG POIXMLFactory:65 -
			using default POIXMLDocumentPart for http://schemas.openxmlformats.org/officeDocument/2006/relationships/printerSettings
2024-08-23 13:31:22 DEBUG PackageRelationshipCollection:307 -
			Parsing relationship: /xl/_rels/workbook.xml.rels
2024-08-23 13:31:22 DEBUG PackageRelationshipCollection:307 -
			Parsing relationship: /xl/worksheets/_rels/sheet1.xml.rels
2024-08-23 13:31:22 DEBUG PackageRelationshipCollection:307 -
			Parsing relationship: /_rels/.rels
2024-08-23 13:31:22 DEBUG POIXMLFactory:65 -
			using default POIXMLDocumentPart for http://schemas.openxmlformats.org/officeDocument/2006/relationships/printerSettings
2024-08-23 13:31:22 DEBUG PackageRelationshipCollection:307 -
			Parsing relationship: /xl/_rels/workbook.xml.rels
2024-08-23 13:31:22 DEBUG PackageRelationshipCollection:307 -
			Parsing relationship: /xl/worksheets/_rels/sheet1.xml.rels
2024-08-23 13:31:22 DEBUG PackageRelationshipCollection:307 -
			Parsing relationship: /_rels/.rels
2024-08-23 13:31:22 DEBUG POIXMLFactory:65 -
			using default POIXMLDocumentPart for http://schemas.openxmlformats.org/officeDocument/2006/relationships/printerSettings
2024-08-23 13:31:22 DEBUG PackageRelationshipCollection:307 -
			Parsing relationship: /xl/_rels/workbook.xml.rels
2024-08-23 13:31:22 DEBUG PackageRelationshipCollection:307 -
			Parsing relationship: /xl/worksheets/_rels/sheet1.xml.rels
2024-08-23 13:31:22 DEBUG PackageRelationshipCollection:307 -
			Parsing relationship: /_rels/.rels
2024-08-23 13:31:22 DEBUG POIXMLFactory:65 -
			using default POIXMLDocumentPart for http://schemas.openxmlformats.org/officeDocument/2006/relationships/printerSettings
2024-08-23 13:31:22 DEBUG PackageRelationshipCollection:307 -
			Parsing relationship: /xl/_rels/workbook.xml.rels
2024-08-23 13:31:22 DEBUG PackageRelationshipCollection:307 -
			Parsing relationship: /xl/worksheets/_rels/sheet1.xml.rels
2024-08-23 13:31:22 DEBUG PackageRelationshipCollection:307 -
			Parsing relationship: /_rels/.rels
2024-08-23 13:31:22 DEBUG POIXMLFactory:65 -
			using default POIXMLDocumentPart for http://schemas.openxmlformats.org/officeDocument/2006/relationships/printerSettings
2024-08-23 13:49:25 DEBUG TestNG:82 -
			suiteXmlPath: "C:\Users\EX perimental 1\eclipse-workspace\opencart\grid-docker.xml"
2024-08-23 13:49:25 INFO  Utils:112 -
			[TestNG] Running:
  C:\Users\EX perimental 1\eclipse-workspace\opencart\grid-docker.xml

